<?xml version="1.0" encoding="UTF-8"?>
<!-- Generated by org.testng.reporters.JUnitXMLReporter -->
<testsuite ignored="0" hostname="Ronaks-MacBook-Pro.local" failures="0" tests="6" name="Default test" time="13.834" errors="0" timestamp="2023-10-12T15:23:43 IST">
  <testcase classname="api.test.DDTests" name="testPostUser" time="5.882"/>
  <testcase classname="api.test.DDTests" name="testPostUser" time="1.303"/>
  <testcase classname="api.test.DDTests" name="testPostUser" time="1.329"/>
  <testcase classname="api.test.DDTests" name="testDeleteUserByName" time="1.239"/>
  <testcase classname="api.test.DDTests" name="testDeleteUserByName" time="1.127"/>
  <testcase classname="api.test.DDTests" name="testDeleteUserByName" time="1.542"/>
</testsuite> <!-- Default test -->
