<?xml version="1.0" encoding="UTF-8"?>
<!-- Generated by org.testng.reporters.JUnitXMLReporter -->
<testsuite ignored="0" hostname="Ronaks-MacBook-Pro.local" failures="0" tests="4" name="PetTests" time="9.248" errors="0" timestamp="2023-10-12T22:18:54 IST">
  <testcase classname="api.test.UserTests2" name="testPostUser" time="3.094"/>
  <testcase classname="api.test.UserTests2" name="testGetUserByName" time="1.236"/>
  <testcase classname="api.test.UserTests2" name="testUpdateUserByName" time="2.52"/>
  <testcase classname="api.test.UserTests2" name="testDeleteUserByName" time="1.383"/>
</testsuite> <!-- PetTests -->
