<?xml version="1.0" encoding="UTF-8"?>
<!-- Generated by org.testng.reporters.JUnitXMLReporter -->
<testsuite ignored="0" hostname="Ronaks-MacBook-Pro.local" failures="0" tests="4" name="PetTests" time="9.267" errors="0" timestamp="2023-10-12T21:25:42 IST">
  <testcase classname="api.test.UserTests2" name="testPostUser" time="3.062"/>
  <testcase classname="api.test.UserTests2" name="testGetUserByName" time="1.277"/>
  <testcase classname="api.test.UserTests2" name="testUpdateUserByName" time="2.431"/>
  <testcase classname="api.test.UserTests2" name="testDeleteUserByName" time="1.336"/>
</testsuite> <!-- PetTests -->
